{"/Users/ardakarakaya/Desktop/FrontEnd/Jammming/src/components/Home.jsx": {"path":"/Users/ardakarakaya/Desktop/FrontEnd/Jammming/src/components/Home.jsx","statementMap":{"0":{"start":{"line":22,"column":6},"end":{"line":22,"column":26}},"1":{"start":{"line":24,"column":44},"end":{"line":24,"column":56}},"2":{"start":{"line":25,"column":36},"end":{"line":25,"column":48}},"3":{"start":{"line":26,"column":48},"end":{"line":26,"column":58}},"4":{"start":{"line":27,"column":56},"end":{"line":27,"column":66}},"5":{"start":{"line":28,"column":52},"end":{"line":28,"column":66}},"6":{"start":{"line":29,"column":40},"end":{"line":29,"column":54}},"7":{"start":{"line":31,"column":28},"end":{"line":33,"column":3}},"8":{"start":{"line":36,"column":2},"end":{"line":41,"column":14}},"9":{"start":{"line":37,"column":24},"end":{"line":37,"column":68}},"10":{"start":{"line":38,"column":4},"end":{"line":40,"column":5}},"11":{"start":{"line":39,"column":6},"end":{"line":39,"column":28}},"12":{"start":{"line":43,"column":2},"end":{"line":55,"column":9}},"13":{"start":{"line":44,"column":31},"end":{"line":52,"column":5}},"14":{"start":{"line":45,"column":6},"end":{"line":51,"column":7}},"15":{"start":{"line":46,"column":30},"end":{"line":46,"column":62}},"16":{"start":{"line":47,"column":8},"end":{"line":47,"column":36}},"17":{"start":{"line":49,"column":8},"end":{"line":49,"column":51}},"18":{"start":{"line":50,"column":8},"end":{"line":50,"column":27}},"19":{"start":{"line":54,"column":4},"end":{"line":54,"column":25}},"20":{"start":{"line":57,"column":26},"end":{"line":60,"column":3}},"21":{"start":{"line":58,"column":4},"end":{"line":58,"column":24}},"22":{"start":{"line":59,"column":4},"end":{"line":59,"column":53}},"23":{"start":{"line":59,"column":21},"end":{"line":59,"column":41}},"24":{"start":{"line":62,"column":23},"end":{"line":70,"column":3}},"25":{"start":{"line":63,"column":4},"end":{"line":69,"column":5}},"26":{"start":{"line":64,"column":22},"end":{"line":64,"column":48}},"27":{"start":{"line":65,"column":6},"end":{"line":65,"column":32}},"28":{"start":{"line":67,"column":6},"end":{"line":67,"column":48}},"29":{"start":{"line":68,"column":6},"end":{"line":68,"column":25}},"30":{"start":{"line":73,"column":17},"end":{"line":77,"column":3}},"31":{"start":{"line":74,"column":4},"end":{"line":74,"column":31}},"32":{"start":{"line":75,"column":4},"end":{"line":75,"column":12}},"33":{"start":{"line":76,"column":4},"end":{"line":76,"column":25}},"34":{"start":{"line":80,"column":19},"end":{"line":91,"column":3}},"35":{"start":{"line":81,"column":4},"end":{"line":81,"column":38}},"36":{"start":{"line":82,"column":4},"end":{"line":82,"column":40}},"37":{"start":{"line":83,"column":4},"end":{"line":83,"column":36}},"38":{"start":{"line":85,"column":4},"end":{"line":89,"column":13}},"39":{"start":{"line":86,"column":6},"end":{"line":86,"column":33}},"40":{"start":{"line":87,"column":6},"end":{"line":87,"column":31}},"41":{"start":{"line":88,"column":6},"end":{"line":88,"column":35}},"42":{"start":{"line":90,"column":4},"end":{"line":90,"column":25}},"43":{"start":{"line":94,"column":17},"end":{"line":98,"column":3}},"44":{"start":{"line":95,"column":4},"end":{"line":95,"column":26}},"45":{"start":{"line":96,"column":4},"end":{"line":96,"column":22}},"46":{"start":{"line":97,"column":4},"end":{"line":97,"column":30}},"47":{"start":{"line":100,"column":2},"end":{"line":137,"column":4}},"48":{"start":{"line":109,"column":23},"end":{"line":109,"column":69}},"49":{"start":{"line":109,"column":51},"end":{"line":109,"column":68}}},"fnMap":{"0":{"name":"Home","decl":{"start":{"line":11,"column":9},"end":{"line":11,"column":13}},"loc":{"start":{"line":11,"column":16},"end":{"line":138,"column":1}},"line":11},"1":{"name":"(anonymous_1)","decl":{"start":{"line":36,"column":12},"end":{"line":36,"column":13}},"loc":{"start":{"line":36,"column":18},"end":{"line":41,"column":3}},"line":36},"2":{"name":"(anonymous_2)","decl":{"start":{"line":43,"column":12},"end":{"line":43,"column":13}},"loc":{"start":{"line":43,"column":18},"end":{"line":55,"column":3}},"line":43},"3":{"name":"(anonymous_3)","decl":{"start":{"line":44,"column":31},"end":{"line":44,"column":32}},"loc":{"start":{"line":44,"column":43},"end":{"line":52,"column":5}},"line":44},"4":{"name":"(anonymous_4)","decl":{"start":{"line":57,"column":26},"end":{"line":57,"column":27}},"loc":{"start":{"line":57,"column":52},"end":{"line":60,"column":3}},"line":57},"5":{"name":"(anonymous_5)","decl":{"start":{"line":59,"column":15},"end":{"line":59,"column":16}},"loc":{"start":{"line":59,"column":21},"end":{"line":59,"column":41}},"line":59},"6":{"name":"(anonymous_6)","decl":{"start":{"line":62,"column":23},"end":{"line":62,"column":24}},"loc":{"start":{"line":62,"column":39},"end":{"line":70,"column":3}},"line":62},"7":{"name":"(anonymous_7)","decl":{"start":{"line":73,"column":17},"end":{"line":73,"column":18}},"loc":{"start":{"line":73,"column":35},"end":{"line":77,"column":3}},"line":73},"8":{"name":"(anonymous_8)","decl":{"start":{"line":80,"column":19},"end":{"line":80,"column":20}},"loc":{"start":{"line":80,"column":62},"end":{"line":91,"column":3}},"line":80},"9":{"name":"(anonymous_9)","decl":{"start":{"line":85,"column":15},"end":{"line":85,"column":16}},"loc":{"start":{"line":85,"column":21},"end":{"line":89,"column":5}},"line":85},"10":{"name":"(anonymous_10)","decl":{"start":{"line":94,"column":17},"end":{"line":94,"column":18}},"loc":{"start":{"line":94,"column":39},"end":{"line":98,"column":3}},"line":94},"11":{"name":"(anonymous_11)","decl":{"start":{"line":109,"column":12},"end":{"line":109,"column":13}},"loc":{"start":{"line":109,"column":23},"end":{"line":109,"column":69}},"line":109},"12":{"name":"(anonymous_12)","decl":{"start":{"line":109,"column":44},"end":{"line":109,"column":45}},"loc":{"start":{"line":109,"column":51},"end":{"line":109,"column":68}},"line":109}},"branchMap":{"0":{"loc":{"start":{"line":38,"column":4},"end":{"line":40,"column":5}},"type":"if","locations":[{"start":{"line":38,"column":4},"end":{"line":40,"column":5}},{"start":{},"end":{}}],"line":38},"1":{"loc":{"start":{"line":57,"column":32},"end":{"line":57,"column":47}},"type":"default-arg","locations":[{"start":{"line":57,"column":43},"end":{"line":57,"column":47}}],"line":57},"2":{"loc":{"start":{"line":100,"column":9},"end":{"line":137,"column":3}},"type":"cond-expr","locations":[{"start":{"line":101,"column":4},"end":{"line":134,"column":10}},{"start":{"line":136,"column":4},"end":{"line":136,"column":13}}],"line":100}},"s":{"0":11,"1":11,"2":11,"3":11,"4":11,"5":11,"6":11,"7":11,"8":11,"9":6,"10":6,"11":0,"12":11,"13":6,"14":6,"15":6,"16":5,"17":1,"18":1,"19":6,"20":11,"21":1,"22":1,"23":0,"24":11,"25":2,"26":2,"27":1,"28":1,"29":1,"30":11,"31":1,"32":1,"33":1,"34":11,"35":0,"36":0,"37":0,"38":0,"39":0,"40":0,"41":0,"42":0,"43":11,"44":0,"45":0,"46":0,"47":11,"48":0,"49":0},"f":{"0":11,"1":6,"2":6,"3":6,"4":1,"5":0,"6":2,"7":1,"8":0,"9":0,"10":0,"11":0,"12":0},"b":{"0":[0,6],"1":[1],"2":[10,1]},"_coverageSchema":"1a1c01bbd47fc00a2c39e90264f33305004495a9","hash":"f3e673a17ac0faba6e844779aa02c00879644e83"}
,"/Users/ardakarakaya/Desktop/FrontEnd/Jammming/src/components/LoadingScreen.jsx": {"path":"/Users/ardakarakaya/Desktop/FrontEnd/Jammming/src/components/LoadingScreen.jsx","statementMap":{"0":{"start":{"line":4,"column":2},"end":{"line":8,"column":4}}},"fnMap":{"0":{"name":"LoadingScreen","decl":{"start":{"line":3,"column":9},"end":{"line":3,"column":22}},"loc":{"start":{"line":3,"column":25},"end":{"line":9,"column":1}},"line":3}},"branchMap":{},"s":{"0":3},"f":{"0":3},"b":{},"_coverageSchema":"1a1c01bbd47fc00a2c39e90264f33305004495a9","hash":"507a04414b2d97c254b86ff8c027ab1da2ae6c49"}
,"/Users/ardakarakaya/Desktop/FrontEnd/Jammming/src/components/Login.jsx": {"path":"/Users/ardakarakaya/Desktop/FrontEnd/Jammming/src/components/Login.jsx","statementMap":{"0":{"start":{"line":6,"column":2},"end":{"line":12,"column":9}},"1":{"start":{"line":7,"column":25},"end":{"line":7,"column":62}},"2":{"start":{"line":8,"column":4},"end":{"line":11,"column":5}},"3":{"start":{"line":9,"column":6},"end":{"line":9,"column":31}},"4":{"start":{"line":10,"column":6},"end":{"line":10,"column":47}},"5":{"start":{"line":14,"column":2},"end":{"line":24,"column":4}}},"fnMap":{"0":{"name":"Login","decl":{"start":{"line":5,"column":9},"end":{"line":5,"column":14}},"loc":{"start":{"line":5,"column":17},"end":{"line":25,"column":1}},"line":5},"1":{"name":"(anonymous_1)","decl":{"start":{"line":6,"column":12},"end":{"line":6,"column":13}},"loc":{"start":{"line":6,"column":18},"end":{"line":12,"column":3}},"line":6}},"branchMap":{"0":{"loc":{"start":{"line":8,"column":4},"end":{"line":11,"column":5}},"type":"if","locations":[{"start":{"line":8,"column":4},"end":{"line":11,"column":5}},{"start":{},"end":{}}],"line":8}},"s":{"0":3,"1":3,"2":3,"3":1,"4":1,"5":3},"f":{"0":3,"1":3},"b":{"0":[1,2]},"_coverageSchema":"1a1c01bbd47fc00a2c39e90264f33305004495a9","hash":"2d767cae87f1a0f1a66eb9095f79c5e735529417"}
,"/Users/ardakarakaya/Desktop/FrontEnd/Jammming/src/components/NewPlaylist.jsx": {"path":"/Users/ardakarakaya/Desktop/FrontEnd/Jammming/src/components/NewPlaylist.jsx","statementMap":{"0":{"start":{"line":16,"column":2},"end":{"line":74,"column":4}},"1":{"start":{"line":41,"column":27},"end":{"line":41,"column":58}},"2":{"start":{"line":48,"column":10},"end":{"line":53,"column":15}}},"fnMap":{"0":{"name":"NewPlaylist","decl":{"start":{"line":5,"column":9},"end":{"line":5,"column":20}},"loc":{"start":{"line":15,"column":3},"end":{"line":75,"column":1}},"line":15},"1":{"name":"(anonymous_1)","decl":{"start":{"line":41,"column":20},"end":{"line":41,"column":21}},"loc":{"start":{"line":41,"column":27},"end":{"line":41,"column":58}},"line":41},"2":{"name":"(anonymous_2)","decl":{"start":{"line":47,"column":28},"end":{"line":47,"column":29}},"loc":{"start":{"line":48,"column":10},"end":{"line":53,"column":15}},"line":48}},"branchMap":{"0":{"loc":{"start":{"line":66,"column":7},"end":{"line":72,"column":7}},"type":"binary-expr","locations":[{"start":{"line":66,"column":7},"end":{"line":66,"column":18}},{"start":{"line":67,"column":8},"end":{"line":71,"column":14}}],"line":66}},"s":{"0":6,"1":1,"2":12},"f":{"0":6,"1":1,"2":12},"b":{"0":[6,1]},"_coverageSchema":"1a1c01bbd47fc00a2c39e90264f33305004495a9","hash":"7b7e1cfa186b91a710e2dddffa0a27093c4972a2"}
,"/Users/ardakarakaya/Desktop/FrontEnd/Jammming/src/components/NewPlaylistTrack.jsx": {"path":"/Users/ardakarakaya/Desktop/FrontEnd/Jammming/src/components/NewPlaylistTrack.jsx","statementMap":{"0":{"start":{"line":5,"column":2},"end":{"line":23,"column":4}},"1":{"start":{"line":15,"column":10},"end":{"line":15,"column":37}}},"fnMap":{"0":{"name":"NewPlaylistTrack","decl":{"start":{"line":4,"column":9},"end":{"line":4,"column":25}},"loc":{"start":{"line":4,"column":55},"end":{"line":24,"column":1}},"line":4},"1":{"name":"(anonymous_1)","decl":{"start":{"line":14,"column":17},"end":{"line":14,"column":18}},"loc":{"start":{"line":14,"column":23},"end":{"line":16,"column":9}},"line":14}},"branchMap":{},"s":{"0":2,"1":1},"f":{"0":2,"1":1},"b":{},"_coverageSchema":"1a1c01bbd47fc00a2c39e90264f33305004495a9","hash":"e4f71f4d6492d948c255a1213fbd2fea65b44325"}
,"/Users/ardakarakaya/Desktop/FrontEnd/Jammming/src/components/RippleButton.jsx": {"path":"/Users/ardakarakaya/Desktop/FrontEnd/Jammming/src/components/RippleButton.jsx","statementMap":{"0":{"start":{"line":5,"column":32},"end":{"line":5,"column":44}},"1":{"start":{"line":7,"column":22},"end":{"line":18,"column":3}},"2":{"start":{"line":8,"column":17},"end":{"line":8,"column":56}},"3":{"start":{"line":9,"column":14},"end":{"line":9,"column":35}},"4":{"start":{"line":10,"column":14},"end":{"line":10,"column":34}},"5":{"start":{"line":11,"column":22},"end":{"line":11,"column":46}},"6":{"start":{"line":12,"column":4},"end":{"line":12,"column":47}},"7":{"start":{"line":12,"column":25},"end":{"line":12,"column":45}},"8":{"start":{"line":13,"column":4},"end":{"line":16,"column":6}},"9":{"start":{"line":14,"column":12},"end":{"line":14,"column":75}},"10":{"start":{"line":14,"column":33},"end":{"line":14,"column":74}},"11":{"start":{"line":14,"column":52},"end":{"line":14,"column":73}},"12":{"start":{"line":17,"column":4},"end":{"line":17,"column":17}},"13":{"start":{"line":20,"column":2},"end":{"line":31,"column":4}},"14":{"start":{"line":24,"column":8},"end":{"line":28,"column":16}}},"fnMap":{"0":{"name":"RippleButton","decl":{"start":{"line":4,"column":9},"end":{"line":4,"column":21}},"loc":{"start":{"line":4,"column":56},"end":{"line":32,"column":1}},"line":4},"1":{"name":"(anonymous_1)","decl":{"start":{"line":7,"column":22},"end":{"line":7,"column":23}},"loc":{"start":{"line":7,"column":29},"end":{"line":18,"column":3}},"line":7},"2":{"name":"(anonymous_2)","decl":{"start":{"line":12,"column":15},"end":{"line":12,"column":16}},"loc":{"start":{"line":12,"column":25},"end":{"line":12,"column":45}},"line":12},"3":{"name":"(anonymous_3)","decl":{"start":{"line":14,"column":6},"end":{"line":14,"column":7}},"loc":{"start":{"line":14,"column":12},"end":{"line":14,"column":75}},"line":14},"4":{"name":"(anonymous_4)","decl":{"start":{"line":14,"column":23},"end":{"line":14,"column":24}},"loc":{"start":{"line":14,"column":33},"end":{"line":14,"column":74}},"line":14},"5":{"name":"(anonymous_5)","decl":{"start":{"line":14,"column":45},"end":{"line":14,"column":46}},"loc":{"start":{"line":14,"column":52},"end":{"line":14,"column":73}},"line":14},"6":{"name":"(anonymous_6)","decl":{"start":{"line":23,"column":19},"end":{"line":23,"column":20}},"loc":{"start":{"line":24,"column":8},"end":{"line":28,"column":16}},"line":24}},"branchMap":{},"s":{"0":10,"1":10,"2":4,"3":4,"4":4,"5":4,"6":4,"7":4,"8":4,"9":0,"10":0,"11":0,"12":4,"13":10,"14":9},"f":{"0":10,"1":4,"2":4,"3":0,"4":0,"5":0,"6":9},"b":{},"_coverageSchema":"1a1c01bbd47fc00a2c39e90264f33305004495a9","hash":"ab84be55cc847677939017cca70cdea4ace7b83b"}
,"/Users/ardakarakaya/Desktop/FrontEnd/Jammming/src/components/SavePlaylistButton.jsx": {"path":"/Users/ardakarakaya/Desktop/FrontEnd/Jammming/src/components/SavePlaylistButton.jsx","statementMap":{"0":{"start":{"line":15,"column":34},"end":{"line":15,"column":49}},"1":{"start":{"line":17,"column":22},"end":{"line":36,"column":3}},"2":{"start":{"line":18,"column":4},"end":{"line":18,"column":25}},"3":{"start":{"line":18,"column":18},"end":{"line":18,"column":25}},"4":{"start":{"line":19,"column":4},"end":{"line":19,"column":22}},"5":{"start":{"line":20,"column":4},"end":{"line":35,"column":5}},"6":{"start":{"line":21,"column":6},"end":{"line":28,"column":9}},"7":{"start":{"line":29,"column":6},"end":{"line":29,"column":59}},"8":{"start":{"line":31,"column":6},"end":{"line":31,"column":61}},"9":{"start":{"line":32,"column":6},"end":{"line":32,"column":25}},"10":{"start":{"line":34,"column":6},"end":{"line":34,"column":25}},"11":{"start":{"line":38,"column":2},"end":{"line":47,"column":4}}},"fnMap":{"0":{"name":"SavePlaylistButton","decl":{"start":{"line":7,"column":9},"end":{"line":7,"column":27}},"loc":{"start":{"line":14,"column":3},"end":{"line":48,"column":1}},"line":14},"1":{"name":"(anonymous_1)","decl":{"start":{"line":17,"column":22},"end":{"line":17,"column":23}},"loc":{"start":{"line":17,"column":34},"end":{"line":36,"column":3}},"line":17}},"branchMap":{"0":{"loc":{"start":{"line":18,"column":4},"end":{"line":18,"column":25}},"type":"if","locations":[{"start":{"line":18,"column":4},"end":{"line":18,"column":25}},{"start":{},"end":{}}],"line":18},"1":{"loc":{"start":{"line":31,"column":18},"end":{"line":31,"column":59}},"type":"binary-expr","locations":[{"start":{"line":31,"column":18},"end":{"line":31,"column":29}},{"start":{"line":31,"column":33},"end":{"line":31,"column":59}}],"line":31},"2":{"loc":{"start":{"line":40,"column":7},"end":{"line":40,"column":36}},"type":"binary-expr","locations":[{"start":{"line":40,"column":7},"end":{"line":40,"column":15}},{"start":{"line":40,"column":19},"end":{"line":40,"column":36}}],"line":40}},"s":{"0":9,"1":9,"2":4,"3":1,"4":3,"5":3,"6":3,"7":2,"8":1,"9":1,"10":3,"11":9},"f":{"0":9,"1":4},"b":{"0":[1,3],"1":[1,0],"2":[9,3]},"_coverageSchema":"1a1c01bbd47fc00a2c39e90264f33305004495a9","hash":"9f356c0b026c42591a5aa7ca5e26199ff03f8320"}
,"/Users/ardakarakaya/Desktop/FrontEnd/Jammming/src/components/SearchBar.jsx": {"path":"/Users/ardakarakaya/Desktop/FrontEnd/Jammming/src/components/SearchBar.jsx","statementMap":{"0":{"start":{"line":4,"column":30},"end":{"line":4,"column":45}},"1":{"start":{"line":5,"column":30},"end":{"line":5,"column":42}},"2":{"start":{"line":6,"column":19},"end":{"line":6,"column":31}},"3":{"start":{"line":8,"column":23},"end":{"line":28,"column":3}},"4":{"start":{"line":9,"column":4},"end":{"line":9,"column":23}},"5":{"start":{"line":11,"column":4},"end":{"line":16,"column":5}},"6":{"start":{"line":13,"column":6},"end":{"line":13,"column":22}},"7":{"start":{"line":14,"column":6},"end":{"line":14,"column":32}},"8":{"start":{"line":15,"column":6},"end":{"line":15,"column":13}},"9":{"start":{"line":19,"column":4},"end":{"line":22,"column":5}},"10":{"start":{"line":20,"column":6},"end":{"line":20,"column":48}},"11":{"start":{"line":21,"column":6},"end":{"line":21,"column":13}},"12":{"start":{"line":25,"column":4},"end":{"line":25,"column":21}},"13":{"start":{"line":26,"column":4},"end":{"line":26,"column":18}},"14":{"start":{"line":27,"column":4},"end":{"line":27,"column":30}},"15":{"start":{"line":30,"column":23},"end":{"line":32,"column":3}},"16":{"start":{"line":31,"column":4},"end":{"line":31,"column":30}},"17":{"start":{"line":34,"column":2},"end":{"line":62,"column":4}}},"fnMap":{"0":{"name":"SearchBar","decl":{"start":{"line":3,"column":9},"end":{"line":3,"column":18}},"loc":{"start":{"line":3,"column":49},"end":{"line":63,"column":1}},"line":3},"1":{"name":"(anonymous_1)","decl":{"start":{"line":8,"column":23},"end":{"line":8,"column":24}},"loc":{"start":{"line":8,"column":30},"end":{"line":28,"column":3}},"line":8},"2":{"name":"(anonymous_2)","decl":{"start":{"line":30,"column":23},"end":{"line":30,"column":24}},"loc":{"start":{"line":30,"column":30},"end":{"line":32,"column":3}},"line":30}},"branchMap":{"0":{"loc":{"start":{"line":11,"column":4},"end":{"line":16,"column":5}},"type":"if","locations":[{"start":{"line":11,"column":4},"end":{"line":16,"column":5}},{"start":{},"end":{}}],"line":11},"1":{"loc":{"start":{"line":19,"column":4},"end":{"line":22,"column":5}},"type":"if","locations":[{"start":{"line":19,"column":4},"end":{"line":22,"column":5}},{"start":{},"end":{}}],"line":19},"2":{"loc":{"start":{"line":19,"column":8},"end":{"line":19,"column":38}},"type":"binary-expr","locations":[{"start":{"line":19,"column":8},"end":{"line":19,"column":14}},{"start":{"line":19,"column":18},"end":{"line":19,"column":38}}],"line":19},"3":{"loc":{"start":{"line":36,"column":27},"end":{"line":36,"column":49}},"type":"cond-expr","locations":[{"start":{"line":36,"column":36},"end":{"line":36,"column":44}},{"start":{"line":36,"column":47},"end":{"line":36,"column":49}}],"line":36},"4":{"loc":{"start":{"line":44,"column":7},"end":{"line":56,"column":7}},"type":"binary-expr","locations":[{"start":{"line":44,"column":7},"end":{"line":44,"column":13}},{"start":{"line":45,"column":8},"end":{"line":55,"column":10}}],"line":44}},"s":{"0":8,"1":8,"2":8,"3":8,"4":5,"5":5,"6":3,"7":3,"8":3,"9":2,"10":1,"11":1,"12":1,"13":1,"14":1,"15":8,"16":1,"17":8},"f":{"0":8,"1":5,"2":1},"b":{"0":[3,2],"1":[1,1],"2":[2,2],"3":[5,3],"4":[8,5]},"_coverageSchema":"1a1c01bbd47fc00a2c39e90264f33305004495a9","hash":"aa52e2c482a877c3beccb73aa76c99fb64dffdf1"}
,"/Users/ardakarakaya/Desktop/FrontEnd/Jammming/src/components/SearchResults.jsx": {"path":"/Users/ardakarakaya/Desktop/FrontEnd/Jammming/src/components/SearchResults.jsx","statementMap":{"0":{"start":{"line":5,"column":2},"end":{"line":16,"column":4}},"1":{"start":{"line":9,"column":8},"end":{"line":13,"column":10}}},"fnMap":{"0":{"name":"SearchResults","decl":{"start":{"line":4,"column":9},"end":{"line":4,"column":22}},"loc":{"start":{"line":4,"column":55},"end":{"line":17,"column":1}},"line":4},"1":{"name":"(anonymous_1)","decl":{"start":{"line":8,"column":18},"end":{"line":8,"column":19}},"loc":{"start":{"line":9,"column":8},"end":{"line":13,"column":10}},"line":9}},"branchMap":{},"s":{"0":2,"1":4},"f":{"0":2,"1":4},"b":{},"_coverageSchema":"1a1c01bbd47fc00a2c39e90264f33305004495a9","hash":"c87fb97d79c089683d5496f3879e18a6bfbe7b22"}
,"/Users/ardakarakaya/Desktop/FrontEnd/Jammming/src/components/SearchResultsTrack.jsx": {"path":"/Users/ardakarakaya/Desktop/FrontEnd/Jammming/src/components/SearchResultsTrack.jsx","statementMap":{"0":{"start":{"line":6,"column":22},"end":{"line":8,"column":3}},"1":{"start":{"line":7,"column":4},"end":{"line":7,"column":30}},"2":{"start":{"line":10,"column":2},"end":{"line":43,"column":4}}},"fnMap":{"0":{"name":"SearchResultsTrack","decl":{"start":{"line":5,"column":9},"end":{"line":5,"column":27}},"loc":{"start":{"line":5,"column":59},"end":{"line":44,"column":1}},"line":5},"1":{"name":"(anonymous_1)","decl":{"start":{"line":6,"column":22},"end":{"line":6,"column":23}},"loc":{"start":{"line":6,"column":28},"end":{"line":8,"column":3}},"line":6}},"branchMap":{"0":{"loc":{"start":{"line":19,"column":9},"end":{"line":33,"column":9}},"type":"cond-expr","locations":[{"start":{"line":20,"column":10},"end":{"line":24,"column":19}},{"start":{"line":26,"column":10},"end":{"line":32,"column":14}}],"line":19},"1":{"loc":{"start":{"line":27,"column":18},"end":{"line":27,"column":53}},"type":"binary-expr","locations":[{"start":{"line":27,"column":18},"end":{"line":27,"column":46}},{"start":{"line":27,"column":50},"end":{"line":27,"column":53}}],"line":27}},"s":{"0":4,"1":1,"2":4},"f":{"0":4,"1":1},"b":{"0":[3,1],"1":[1,0]},"_coverageSchema":"1a1c01bbd47fc00a2c39e90264f33305004495a9","hash":"a8d8e197d14d63d7a4157e09abc675ffb4d73b51"}
,"/Users/ardakarakaya/Desktop/FrontEnd/Jammming/src/components/UserPlaylistModal.jsx": {"path":"/Users/ardakarakaya/Desktop/FrontEnd/Jammming/src/components/UserPlaylistModal.jsx","statementMap":{"0":{"start":{"line":15,"column":30},"end":{"line":15,"column":42}},"1":{"start":{"line":16,"column":28},"end":{"line":16,"column":42}},"2":{"start":{"line":17,"column":21},"end":{"line":17,"column":40}},"3":{"start":{"line":18,"column":15},"end":{"line":18,"column":51}},"4":{"start":{"line":20,"column":2},"end":{"line":35,"column":57}},"5":{"start":{"line":21,"column":23},"end":{"line":33,"column":5}},"6":{"start":{"line":22,"column":6},"end":{"line":32,"column":7}},"7":{"start":{"line":23,"column":8},"end":{"line":26,"column":9}},"8":{"start":{"line":24,"column":10},"end":{"line":24,"column":37}},"9":{"start":{"line":25,"column":10},"end":{"line":25,"column":17}},"10":{"start":{"line":27,"column":30},"end":{"line":27,"column":73}},"11":{"start":{"line":28,"column":8},"end":{"line":28,"column":33}},"12":{"start":{"line":30,"column":8},"end":{"line":30,"column":27}},"13":{"start":{"line":31,"column":8},"end":{"line":31,"column":43}},"14":{"start":{"line":34,"column":4},"end":{"line":34,"column":17}},"15":{"start":{"line":37,"column":28},"end":{"line":47,"column":3}},"16":{"start":{"line":38,"column":4},"end":{"line":46,"column":5}},"17":{"start":{"line":39,"column":6},"end":{"line":39,"column":65}},"18":{"start":{"line":40,"column":22},"end":{"line":40,"column":65}},"19":{"start":{"line":41,"column":6},"end":{"line":41,"column":25}},"20":{"start":{"line":42,"column":6},"end":{"line":42,"column":37}},"21":{"start":{"line":44,"column":6},"end":{"line":44,"column":25}},"22":{"start":{"line":45,"column":6},"end":{"line":45,"column":43}},"23":{"start":{"line":49,"column":2},"end":{"line":49,"column":39}},"24":{"start":{"line":49,"column":13},"end":{"line":49,"column":39}},"25":{"start":{"line":51,"column":2},"end":{"line":92,"column":4}},"26":{"start":{"line":60,"column":24},"end":{"line":60,"column":43}},"27":{"start":{"line":66,"column":14},"end":{"line":66,"column":47}},"28":{"start":{"line":67,"column":14},"end":{"line":67,"column":24}},"29":{"start":{"line":82,"column":14},"end":{"line":86,"column":16}},"30":{"start":{"line":85,"column":32},"end":{"line":85,"column":59}}},"fnMap":{"0":{"name":"UserPlaylistModal","decl":{"start":{"line":8,"column":9},"end":{"line":8,"column":26}},"loc":{"start":{"line":14,"column":3},"end":{"line":93,"column":1}},"line":14},"1":{"name":"(anonymous_1)","decl":{"start":{"line":20,"column":12},"end":{"line":20,"column":13}},"loc":{"start":{"line":20,"column":18},"end":{"line":35,"column":3}},"line":20},"2":{"name":"(anonymous_2)","decl":{"start":{"line":21,"column":23},"end":{"line":21,"column":24}},"loc":{"start":{"line":21,"column":35},"end":{"line":33,"column":5}},"line":21},"3":{"name":"(anonymous_3)","decl":{"start":{"line":37,"column":28},"end":{"line":37,"column":29}},"loc":{"start":{"line":37,"column":47},"end":{"line":47,"column":3}},"line":37},"4":{"name":"(anonymous_4)","decl":{"start":{"line":60,"column":17},"end":{"line":60,"column":18}},"loc":{"start":{"line":60,"column":24},"end":{"line":60,"column":43}},"line":60},"5":{"name":"(anonymous_5)","decl":{"start":{"line":65,"column":21},"end":{"line":65,"column":22}},"loc":{"start":{"line":65,"column":27},"end":{"line":68,"column":13}},"line":65},"6":{"name":"(anonymous_6)","decl":{"start":{"line":81,"column":24},"end":{"line":81,"column":25}},"loc":{"start":{"line":82,"column":14},"end":{"line":86,"column":16}},"line":82},"7":{"name":"(anonymous_7)","decl":{"start":{"line":85,"column":26},"end":{"line":85,"column":27}},"loc":{"start":{"line":85,"column":32},"end":{"line":85,"column":59}},"line":85}},"branchMap":{"0":{"loc":{"start":{"line":18,"column":15},"end":{"line":18,"column":51}},"type":"binary-expr","locations":[{"start":{"line":18,"column":15},"end":{"line":18,"column":34}},{"start":{"line":18,"column":38},"end":{"line":18,"column":51}}],"line":18},"1":{"loc":{"start":{"line":23,"column":8},"end":{"line":26,"column":9}},"type":"if","locations":[{"start":{"line":23,"column":8},"end":{"line":26,"column":9}},{"start":{},"end":{}}],"line":23},"2":{"loc":{"start":{"line":23,"column":12},"end":{"line":23,"column":50}},"type":"binary-expr","locations":[{"start":{"line":23,"column":12},"end":{"line":23,"column":27}},{"start":{"line":23,"column":31},"end":{"line":23,"column":50}}],"line":23},"3":{"loc":{"start":{"line":49,"column":2},"end":{"line":49,"column":39}},"type":"if","locations":[{"start":{"line":49,"column":2},"end":{"line":49,"column":39}},{"start":{},"end":{}}],"line":49},"4":{"loc":{"start":{"line":77,"column":9},"end":{"line":89,"column":9}},"type":"cond-expr","locations":[{"start":{"line":78,"column":10},"end":{"line":78,"column":33}},{"start":{"line":80,"column":10},"end":{"line":88,"column":15}}],"line":77}},"s":{"0":5,"1":5,"2":5,"3":5,"4":5,"5":3,"6":3,"7":3,"8":2,"9":2,"10":1,"11":1,"12":0,"13":0,"14":3,"15":5,"16":0,"17":0,"18":0,"19":0,"20":0,"21":0,"22":0,"23":5,"24":0,"25":5,"26":1,"27":1,"28":1,"29":4,"30":0},"f":{"0":5,"1":3,"2":3,"3":0,"4":1,"5":1,"6":4,"7":0},"b":{"0":[5,1],"1":[2,1],"2":[3,2],"3":[0,5],"4":[3,2]},"_coverageSchema":"1a1c01bbd47fc00a2c39e90264f33305004495a9","hash":"269cad3af8930a8f256c2fba61ca30a3c5438149"}
,"/Users/ardakarakaya/Desktop/FrontEnd/Jammming/src/components/UserPlaylistTrackItem.jsx": {"path":"/Users/ardakarakaya/Desktop/FrontEnd/Jammming/src/components/UserPlaylistTrackItem.jsx","statementMap":{"0":{"start":{"line":6,"column":2},"end":{"line":30,"column":4}}},"fnMap":{"0":{"name":"UserPlaylistTrackItem","decl":{"start":{"line":5,"column":9},"end":{"line":5,"column":30}},"loc":{"start":{"line":5,"column":52},"end":{"line":31,"column":1}},"line":5}},"branchMap":{},"s":{"0":5},"f":{"0":5},"b":{},"_coverageSchema":"1a1c01bbd47fc00a2c39e90264f33305004495a9","hash":"a1b509221f26169512c75a410106d1815468d24f"}
,"/Users/ardakarakaya/Desktop/FrontEnd/Jammming/src/components/UserPlaylists.jsx": {"path":"/Users/ardakarakaya/Desktop/FrontEnd/Jammming/src/components/UserPlaylists.jsx","statementMap":{"0":{"start":{"line":11,"column":50},"end":{"line":11,"column":64}},"1":{"start":{"line":12,"column":36},"end":{"line":12,"column":51}},"2":{"start":{"line":14,"column":23},"end":{"line":17,"column":3}},"3":{"start":{"line":15,"column":4},"end":{"line":15,"column":34}},"4":{"start":{"line":16,"column":4},"end":{"line":16,"column":23}},"5":{"start":{"line":18,"column":28},"end":{"line":18,"column":78}},"6":{"start":{"line":20,"column":24},"end":{"line":26,"column":22}},"7":{"start":{"line":28,"column":2},"end":{"line":64,"column":4}},"8":{"start":{"line":39,"column":12},"end":{"line":49,"column":17}},"9":{"start":{"line":41,"column":29},"end":{"line":41,"column":44}},"10":{"start":{"line":59,"column":25},"end":{"line":59,"column":44}}},"fnMap":{"0":{"name":"UserPlaylists","decl":{"start":{"line":4,"column":9},"end":{"line":4,"column":22}},"loc":{"start":{"line":10,"column":3},"end":{"line":65,"column":1}},"line":10},"1":{"name":"(anonymous_1)","decl":{"start":{"line":14,"column":23},"end":{"line":14,"column":24}},"loc":{"start":{"line":14,"column":37},"end":{"line":17,"column":3}},"line":14},"2":{"name":"(anonymous_2)","decl":{"start":{"line":38,"column":25},"end":{"line":38,"column":26}},"loc":{"start":{"line":39,"column":12},"end":{"line":49,"column":17}},"line":39},"3":{"name":"(anonymous_3)","decl":{"start":{"line":41,"column":23},"end":{"line":41,"column":24}},"loc":{"start":{"line":41,"column":29},"end":{"line":41,"column":44}},"line":41},"4":{"name":"(anonymous_4)","decl":{"start":{"line":59,"column":19},"end":{"line":59,"column":20}},"loc":{"start":{"line":59,"column":25},"end":{"line":59,"column":44}},"line":59}},"branchMap":{"0":{"loc":{"start":{"line":20,"column":24},"end":{"line":26,"column":22}},"type":"cond-expr","locations":[{"start":{"line":21,"column":6},"end":{"line":25,"column":7}},{"start":{"line":26,"column":6},"end":{"line":26,"column":22}}],"line":20},"1":{"loc":{"start":{"line":34,"column":7},"end":{"line":52,"column":7}},"type":"cond-expr","locations":[{"start":{"line":35,"column":8},"end":{"line":35,"column":34}},{"start":{"line":37,"column":8},"end":{"line":51,"column":13}}],"line":34},"2":{"loc":{"start":{"line":44,"column":15},"end":{"line":48,"column":24}},"type":"cond-expr","locations":[{"start":{"line":47,"column":18},"end":{"line":47,"column":37}},{"start":{"line":48,"column":18},"end":{"line":48,"column":24}}],"line":44},"3":{"loc":{"start":{"line":44,"column":15},"end":{"line":46,"column":59}},"type":"binary-expr","locations":[{"start":{"line":44,"column":15},"end":{"line":44,"column":30}},{"start":{"line":45,"column":14},"end":{"line":45,"column":33}},{"start":{"line":46,"column":14},"end":{"line":46,"column":59}}],"line":44},"4":{"loc":{"start":{"line":54,"column":7},"end":{"line":62,"column":7}},"type":"binary-expr","locations":[{"start":{"line":54,"column":7},"end":{"line":54,"column":16}},{"start":{"line":54,"column":20},"end":{"line":54,"column":36}},{"start":{"line":55,"column":8},"end":{"line":61,"column":10}}],"line":54}},"s":{"0":2,"1":2,"2":2,"3":1,"4":1,"5":2,"6":2,"7":2,"8":4,"9":1,"10":0},"f":{"0":2,"1":1,"2":4,"3":1,"4":0},"b":{"0":[1,1],"1":[0,2],"2":[0,4],"3":[4,0,0],"4":[2,1,1]},"_coverageSchema":"1a1c01bbd47fc00a2c39e90264f33305004495a9","hash":"fa54f5109e9b234810cf3422cd07c478f5326e47"}
,"/Users/ardakarakaya/Desktop/FrontEnd/Jammming/src/hooks/usePlaylistManager.js": {"path":"/Users/ardakarakaya/Desktop/FrontEnd/Jammming/src/hooks/usePlaylistManager.js","statementMap":{"0":{"start":{"line":6,"column":46},"end":{"line":6,"column":58}},"1":{"start":{"line":7,"column":42},"end":{"line":7,"column":54}},"2":{"start":{"line":8,"column":38},"end":{"line":8,"column":52}},"3":{"start":{"line":17,"column":19},"end":{"line":24,"column":3}},"4":{"start":{"line":18,"column":4},"end":{"line":23,"column":7}},"5":{"start":{"line":19,"column":6},"end":{"line":21,"column":7}},"6":{"start":{"line":19,"column":28},"end":{"line":19,"column":45}},"7":{"start":{"line":20,"column":8},"end":{"line":20,"column":32}},"8":{"start":{"line":22,"column":6},"end":{"line":22,"column":18}},"9":{"start":{"line":27,"column":22},"end":{"line":29,"column":3}},"10":{"start":{"line":28,"column":4},"end":{"line":28,"column":70}},"11":{"start":{"line":28,"column":32},"end":{"line":28,"column":68}},"12":{"start":{"line":28,"column":51},"end":{"line":28,"column":67}},"13":{"start":{"line":32,"column":16},"end":{"line":36,"column":3}},"14":{"start":{"line":33,"column":4},"end":{"line":33,"column":26}},"15":{"start":{"line":34,"column":4},"end":{"line":34,"column":24}},"16":{"start":{"line":35,"column":4},"end":{"line":35,"column":24}},"17":{"start":{"line":38,"column":2},"end":{"line":48,"column":4}}},"fnMap":{"0":{"name":"usePlaylistManager","decl":{"start":{"line":5,"column":9},"end":{"line":5,"column":27}},"loc":{"start":{"line":5,"column":30},"end":{"line":49,"column":1}},"line":5},"1":{"name":"(anonymous_1)","decl":{"start":{"line":17,"column":19},"end":{"line":17,"column":20}},"loc":{"start":{"line":17,"column":30},"end":{"line":24,"column":3}},"line":17},"2":{"name":"(anonymous_2)","decl":{"start":{"line":18,"column":22},"end":{"line":18,"column":23}},"loc":{"start":{"line":18,"column":32},"end":{"line":23,"column":5}},"line":18},"3":{"name":"(anonymous_3)","decl":{"start":{"line":19,"column":21},"end":{"line":19,"column":22}},"loc":{"start":{"line":19,"column":28},"end":{"line":19,"column":45}},"line":19},"4":{"name":"(anonymous_4)","decl":{"start":{"line":27,"column":22},"end":{"line":27,"column":23}},"loc":{"start":{"line":27,"column":35},"end":{"line":29,"column":3}},"line":27},"5":{"name":"(anonymous_5)","decl":{"start":{"line":28,"column":22},"end":{"line":28,"column":23}},"loc":{"start":{"line":28,"column":32},"end":{"line":28,"column":68}},"line":28},"6":{"name":"(anonymous_6)","decl":{"start":{"line":28,"column":44},"end":{"line":28,"column":45}},"loc":{"start":{"line":28,"column":51},"end":{"line":28,"column":67}},"line":28},"7":{"name":"(anonymous_7)","decl":{"start":{"line":32,"column":16},"end":{"line":32,"column":17}},"loc":{"start":{"line":32,"column":22},"end":{"line":36,"column":3}},"line":32}},"branchMap":{"0":{"loc":{"start":{"line":19,"column":6},"end":{"line":21,"column":7}},"type":"if","locations":[{"start":{"line":19,"column":6},"end":{"line":21,"column":7}},{"start":{},"end":{}}],"line":19}},"s":{"0":22,"1":22,"2":22,"3":22,"4":6,"5":6,"6":2,"7":5,"8":1,"9":22,"10":1,"11":1,"12":2,"13":22,"14":2,"15":2,"16":2,"17":22},"f":{"0":22,"1":6,"2":6,"3":2,"4":1,"5":1,"6":2,"7":2},"b":{"0":[5,1]},"_coverageSchema":"1a1c01bbd47fc00a2c39e90264f33305004495a9","hash":"4b015c8deb89ceae1b8ae8721ed44be52d16c32e"}
,"/Users/ardakarakaya/Desktop/FrontEnd/Jammming/src/utils/Spotify.js": {"path":"/Users/ardakarakaya/Desktop/FrontEnd/Jammming/src/utils/Spotify.js","statementMap":{"0":{"start":{"line":14,"column":17},"end":{"line":14,"column":51}},"1":{"start":{"line":16,"column":14},"end":{"line":16,"column":62}},"2":{"start":{"line":21,"column":2},"end":{"line":24,"column":54}},"3":{"start":{"line":26,"column":16},"end":{"line":361,"column":1}},"4":{"start":{"line":32,"column":4},"end":{"line":32,"column":56}},"5":{"start":{"line":40,"column":4},"end":{"line":40,"column":57}},"6":{"start":{"line":44,"column":4},"end":{"line":44,"column":63}},"7":{"start":{"line":45,"column":4},"end":{"line":47,"column":5}},"8":{"start":{"line":46,"column":6},"end":{"line":46,"column":67}},"9":{"start":{"line":50,"column":23},"end":{"line":50,"column":63}},"10":{"start":{"line":51,"column":4},"end":{"line":51,"column":61}},"11":{"start":{"line":59,"column":25},"end":{"line":59,"column":50}},"12":{"start":{"line":60,"column":4},"end":{"line":60,"column":56}},"13":{"start":{"line":62,"column":19},"end":{"line":62,"column":45}},"14":{"start":{"line":63,"column":26},"end":{"line":63,"column":49}},"15":{"start":{"line":65,"column":20},"end":{"line":69,"column":66}},"16":{"start":{"line":71,"column":4},"end":{"line":71,"column":30}},"17":{"start":{"line":78,"column":26},"end":{"line":78,"column":48}},"18":{"start":{"line":79,"column":4},"end":{"line":79,"column":55}},"19":{"start":{"line":80,"column":4},"end":{"line":82,"column":5}},"20":{"start":{"line":81,"column":6},"end":{"line":81,"column":49}},"21":{"start":{"line":84,"column":19},"end":{"line":88,"column":6}},"22":{"start":{"line":90,"column":21},"end":{"line":96,"column":6}},"23":{"start":{"line":98,"column":17},"end":{"line":98,"column":38}},"24":{"start":{"line":100,"column":4},"end":{"line":117,"column":5}},"25":{"start":{"line":101,"column":6},"end":{"line":105,"column":9}},"26":{"start":{"line":106,"column":6},"end":{"line":106,"column":31}},"27":{"start":{"line":108,"column":6},"end":{"line":108,"column":54}},"28":{"start":{"line":109,"column":6},"end":{"line":109,"column":55}},"29":{"start":{"line":110,"column":6},"end":{"line":110,"column":54}},"30":{"start":{"line":111,"column":6},"end":{"line":114,"column":8}},"31":{"start":{"line":115,"column":6},"end":{"line":115,"column":38}},"32":{"start":{"line":116,"column":6},"end":{"line":116,"column":47}},"33":{"start":{"line":125,"column":18},"end":{"line":125,"column":39}},"34":{"start":{"line":126,"column":19},"end":{"line":126,"column":63}},"35":{"start":{"line":127,"column":16},"end":{"line":127,"column":36}},"36":{"start":{"line":129,"column":4},"end":{"line":131,"column":5}},"37":{"start":{"line":130,"column":6},"end":{"line":130,"column":52}},"38":{"start":{"line":133,"column":4},"end":{"line":136,"column":5}},"39":{"start":{"line":135,"column":6},"end":{"line":135,"column":45}},"40":{"start":{"line":138,"column":4},"end":{"line":138,"column":17}},"41":{"start":{"line":148,"column":18},"end":{"line":148,"column":48}},"42":{"start":{"line":150,"column":21},"end":{"line":152,"column":7}},"43":{"start":{"line":154,"column":21},"end":{"line":156,"column":6}},"44":{"start":{"line":158,"column":17},"end":{"line":158,"column":38}},"45":{"start":{"line":159,"column":4},"end":{"line":159,"column":32}},"46":{"start":{"line":159,"column":22},"end":{"line":159,"column":32}},"47":{"start":{"line":161,"column":4},"end":{"line":169,"column":8}},"48":{"start":{"line":161,"column":45},"end":{"line":169,"column":5}},"49":{"start":{"line":178,"column":4},"end":{"line":196,"column":5}},"50":{"start":{"line":179,"column":20},"end":{"line":179,"column":50}},"51":{"start":{"line":181,"column":27},"end":{"line":183,"column":8}},"52":{"start":{"line":185,"column":6},"end":{"line":187,"column":7}},"53":{"start":{"line":186,"column":8},"end":{"line":186,"column":53}},"54":{"start":{"line":189,"column":23},"end":{"line":189,"column":48}},"55":{"start":{"line":190,"column":21},"end":{"line":190,"column":32}},"56":{"start":{"line":192,"column":6},"end":{"line":192,"column":20}},"57":{"start":{"line":194,"column":6},"end":{"line":194,"column":57}},"58":{"start":{"line":195,"column":6},"end":{"line":195,"column":18}},"59":{"start":{"line":209,"column":4},"end":{"line":209,"column":43}},"60":{"start":{"line":209,"column":36},"end":{"line":209,"column":43}},"61":{"start":{"line":211,"column":18},"end":{"line":211,"column":48}},"62":{"start":{"line":212,"column":20},"end":{"line":212,"column":56}},"63":{"start":{"line":213,"column":19},"end":{"line":213,"column":48}},"64":{"start":{"line":216,"column":4},"end":{"line":260,"column":5}},"65":{"start":{"line":217,"column":6},"end":{"line":234,"column":7}},"66":{"start":{"line":218,"column":8},"end":{"line":222,"column":11}},"67":{"start":{"line":224,"column":8},"end":{"line":231,"column":10}},"68":{"start":{"line":233,"column":8},"end":{"line":233,"column":65}},"69":{"start":{"line":237,"column":6},"end":{"line":259,"column":7}},"70":{"start":{"line":238,"column":39},"end":{"line":245,"column":9}},"71":{"start":{"line":247,"column":29},"end":{"line":247,"column":64}},"72":{"start":{"line":249,"column":8},"end":{"line":256,"column":10}},"73":{"start":{"line":258,"column":8},"end":{"line":258,"column":60}},"74":{"start":{"line":269,"column":4},"end":{"line":294,"column":5}},"75":{"start":{"line":270,"column":20},"end":{"line":270,"column":50}},"76":{"start":{"line":271,"column":22},"end":{"line":271,"column":51}},"77":{"start":{"line":273,"column":34},"end":{"line":279,"column":7}},"78":{"start":{"line":281,"column":6},"end":{"line":283,"column":7}},"79":{"start":{"line":282,"column":8},"end":{"line":282,"column":51}},"80":{"start":{"line":285,"column":26},"end":{"line":285,"column":58}},"81":{"start":{"line":286,"column":6},"end":{"line":289,"column":10}},"82":{"start":{"line":286,"column":50},"end":{"line":289,"column":7}},"83":{"start":{"line":291,"column":6},"end":{"line":291,"column":61}},"84":{"start":{"line":293,"column":6},"end":{"line":293,"column":16}},"85":{"start":{"line":303,"column":4},"end":{"line":327,"column":5}},"86":{"start":{"line":304,"column":20},"end":{"line":304,"column":50}},"87":{"start":{"line":305,"column":22},"end":{"line":305,"column":51}},"88":{"start":{"line":307,"column":37},"end":{"line":310,"column":7}},"89":{"start":{"line":311,"column":6},"end":{"line":313,"column":7}},"90":{"start":{"line":312,"column":8},"end":{"line":312,"column":59}},"91":{"start":{"line":314,"column":29},"end":{"line":314,"column":64}},"92":{"start":{"line":315,"column":6},"end":{"line":323,"column":10}},"93":{"start":{"line":315,"column":49},"end":{"line":323,"column":7}},"94":{"start":{"line":325,"column":6},"end":{"line":325,"column":61}},"95":{"start":{"line":326,"column":6},"end":{"line":326,"column":16}},"96":{"start":{"line":337,"column":4},"end":{"line":359,"column":5}},"97":{"start":{"line":338,"column":20},"end":{"line":338,"column":50}},"98":{"start":{"line":340,"column":23},"end":{"line":352,"column":7}},"99":{"start":{"line":354,"column":6},"end":{"line":356,"column":7}},"100":{"start":{"line":355,"column":8},"end":{"line":355,"column":74}},"101":{"start":{"line":358,"column":6},"end":{"line":358,"column":66}}},"fnMap":{"0":{"name":"(anonymous_0)","decl":{"start":{"line":31,"column":2},"end":{"line":31,"column":3}},"loc":{"start":{"line":31,"column":19},"end":{"line":33,"column":3}},"line":31},"1":{"name":"(anonymous_1)","decl":{"start":{"line":39,"column":2},"end":{"line":39,"column":3}},"loc":{"start":{"line":39,"column":20},"end":{"line":41,"column":3}},"line":39},"2":{"name":"(anonymous_2)","decl":{"start":{"line":43,"column":2},"end":{"line":43,"column":3}},"loc":{"start":{"line":43,"column":57},"end":{"line":52,"column":3}},"line":43},"3":{"name":"(anonymous_3)","decl":{"start":{"line":58,"column":2},"end":{"line":58,"column":3}},"loc":{"start":{"line":58,"column":28},"end":{"line":72,"column":3}},"line":58},"4":{"name":"(anonymous_4)","decl":{"start":{"line":77,"column":2},"end":{"line":77,"column":3}},"loc":{"start":{"line":77,"column":29},"end":{"line":118,"column":3}},"line":77},"5":{"name":"(anonymous_5)","decl":{"start":{"line":124,"column":2},"end":{"line":124,"column":3}},"loc":{"start":{"line":124,"column":28},"end":{"line":139,"column":3}},"line":124},"6":{"name":"(anonymous_6)","decl":{"start":{"line":147,"column":2},"end":{"line":147,"column":3}},"loc":{"start":{"line":147,"column":21},"end":{"line":170,"column":3}},"line":147},"7":{"name":"(anonymous_7)","decl":{"start":{"line":161,"column":33},"end":{"line":161,"column":34}},"loc":{"start":{"line":161,"column":45},"end":{"line":169,"column":5}},"line":161},"8":{"name":"(anonymous_8)","decl":{"start":{"line":177,"column":2},"end":{"line":177,"column":3}},"loc":{"start":{"line":177,"column":27},"end":{"line":197,"column":3}},"line":177},"9":{"name":"(anonymous_9)","decl":{"start":{"line":208,"column":2},"end":{"line":208,"column":3}},"loc":{"start":{"line":208,"column":50},"end":{"line":261,"column":3}},"line":208},"10":{"name":"(anonymous_10)","decl":{"start":{"line":268,"column":2},"end":{"line":268,"column":3}},"loc":{"start":{"line":268,"column":27},"end":{"line":295,"column":3}},"line":268},"11":{"name":"(anonymous_11)","decl":{"start":{"line":286,"column":35},"end":{"line":286,"column":36}},"loc":{"start":{"line":286,"column":50},"end":{"line":289,"column":7}},"line":286},"12":{"name":"(anonymous_12)","decl":{"start":{"line":302,"column":2},"end":{"line":302,"column":3}},"loc":{"start":{"line":302,"column":38},"end":{"line":328,"column":3}},"line":302},"13":{"name":"(anonymous_13)","decl":{"start":{"line":315,"column":38},"end":{"line":315,"column":39}},"loc":{"start":{"line":315,"column":49},"end":{"line":323,"column":7}},"line":315},"14":{"name":"(anonymous_14)","decl":{"start":{"line":336,"column":2},"end":{"line":336,"column":3}},"loc":{"start":{"line":336,"column":53},"end":{"line":360,"column":3}},"line":336}},"branchMap":{"0":{"loc":{"start":{"line":21,"column":2},"end":{"line":24,"column":54}},"type":"cond-expr","locations":[{"start":{"line":23,"column":6},"end":{"line":23,"column":38}},{"start":{"line":24,"column":6},"end":{"line":24,"column":54}}],"line":21},"1":{"loc":{"start":{"line":21,"column":2},"end":{"line":22,"column":42}},"type":"binary-expr","locations":[{"start":{"line":21,"column":2},"end":{"line":21,"column":42}},{"start":{"line":22,"column":2},"end":{"line":22,"column":42}}],"line":21},"2":{"loc":{"start":{"line":45,"column":4},"end":{"line":47,"column":5}},"type":"if","locations":[{"start":{"line":45,"column":4},"end":{"line":47,"column":5}},{"start":{},"end":{}}],"line":45},"3":{"loc":{"start":{"line":80,"column":4},"end":{"line":82,"column":5}},"type":"if","locations":[{"start":{"line":80,"column":4},"end":{"line":82,"column":5}},{"start":{},"end":{}}],"line":80},"4":{"loc":{"start":{"line":100,"column":4},"end":{"line":117,"column":5}},"type":"if","locations":[{"start":{"line":100,"column":4},"end":{"line":117,"column":5}},{"start":{"line":107,"column":11},"end":{"line":117,"column":5}}],"line":100},"5":{"loc":{"start":{"line":129,"column":4},"end":{"line":131,"column":5}},"type":"if","locations":[{"start":{"line":129,"column":4},"end":{"line":131,"column":5}},{"start":{},"end":{}}],"line":129},"6":{"loc":{"start":{"line":133,"column":4},"end":{"line":136,"column":5}},"type":"if","locations":[{"start":{"line":133,"column":4},"end":{"line":136,"column":5}},{"start":{},"end":{}}],"line":133},"7":{"loc":{"start":{"line":133,"column":8},"end":{"line":133,"column":30}},"type":"binary-expr","locations":[{"start":{"line":133,"column":8},"end":{"line":133,"column":14}},{"start":{"line":133,"column":18},"end":{"line":133,"column":30}}],"line":133},"8":{"loc":{"start":{"line":159,"column":4},"end":{"line":159,"column":32}},"type":"if","locations":[{"start":{"line":159,"column":4},"end":{"line":159,"column":32}},{"start":{},"end":{}}],"line":159},"9":{"loc":{"start":{"line":185,"column":6},"end":{"line":187,"column":7}},"type":"if","locations":[{"start":{"line":185,"column":6},"end":{"line":187,"column":7}},{"start":{},"end":{}}],"line":185},"10":{"loc":{"start":{"line":209,"column":4},"end":{"line":209,"column":43}},"type":"if","locations":[{"start":{"line":209,"column":4},"end":{"line":209,"column":43}},{"start":{},"end":{}}],"line":209},"11":{"loc":{"start":{"line":209,"column":8},"end":{"line":209,"column":34}},"type":"binary-expr","locations":[{"start":{"line":209,"column":8},"end":{"line":209,"column":13}},{"start":{"line":209,"column":17},"end":{"line":209,"column":34}}],"line":209},"12":{"loc":{"start":{"line":216,"column":4},"end":{"line":260,"column":5}},"type":"if","locations":[{"start":{"line":216,"column":4},"end":{"line":260,"column":5}},{"start":{"line":235,"column":11},"end":{"line":260,"column":5}}],"line":216},"13":{"loc":{"start":{"line":281,"column":6},"end":{"line":283,"column":7}},"type":"if","locations":[{"start":{"line":281,"column":6},"end":{"line":283,"column":7}},{"start":{},"end":{}}],"line":281},"14":{"loc":{"start":{"line":311,"column":6},"end":{"line":313,"column":7}},"type":"if","locations":[{"start":{"line":311,"column":6},"end":{"line":313,"column":7}},{"start":{},"end":{}}],"line":311},"15":{"loc":{"start":{"line":354,"column":6},"end":{"line":356,"column":7}},"type":"if","locations":[{"start":{"line":354,"column":6},"end":{"line":356,"column":7}},{"start":{},"end":{}}],"line":354}},"s":{"0":2,"1":2,"2":2,"3":2,"4":2,"5":2,"6":1,"7":1,"8":0,"9":1,"10":1,"11":0,"12":0,"13":0,"14":0,"15":0,"16":0,"17":1,"18":1,"19":1,"20":0,"21":1,"22":1,"23":1,"24":1,"25":1,"26":1,"27":0,"28":0,"29":0,"30":0,"31":0,"32":0,"33":1,"34":1,"35":1,"36":1,"37":1,"38":0,"39":0,"40":0,"41":1,"42":1,"43":1,"44":1,"45":1,"46":0,"47":1,"48":1,"49":0,"50":0,"51":0,"52":0,"53":0,"54":0,"55":0,"56":0,"57":0,"58":0,"59":0,"60":0,"61":0,"62":0,"63":0,"64":0,"65":0,"66":0,"67":0,"68":0,"69":0,"70":0,"71":0,"72":0,"73":0,"74":1,"75":1,"76":1,"77":1,"78":1,"79":0,"80":1,"81":1,"82":2,"83":0,"84":0,"85":1,"86":1,"87":0,"88":0,"89":0,"90":0,"91":0,"92":0,"93":0,"94":1,"95":1,"96":1,"97":1,"98":1,"99":1,"100":0,"101":0},"f":{"0":2,"1":2,"2":1,"3":0,"4":1,"5":1,"6":1,"7":1,"8":0,"9":0,"10":1,"11":2,"12":1,"13":0,"14":1},"b":{"0":[2,0],"1":[2,0],"2":[0,1],"3":[0,1],"4":[1,0],"5":[1,0],"6":[0,0],"7":[0,0],"8":[0,1],"9":[0,0],"10":[0,0],"11":[0,0],"12":[0,0],"13":[0,1],"14":[0,0],"15":[0,1]},"_coverageSchema":"1a1c01bbd47fc00a2c39e90264f33305004495a9","hash":"bfa2f216737335d25b81af3b184a3e52f1e0bd66"}
,"/Users/ardakarakaya/Desktop/FrontEnd/Jammming/src/utils/spotifyAuth.js": {"path":"/Users/ardakarakaya/Desktop/FrontEnd/Jammming/src/utils/spotifyAuth.js","statementMap":{"0":{"start":{"line":4,"column":4},"end":{"line":4,"column":68}},"1":{"start":{"line":5,"column":13},"end":{"line":5,"column":15}},"2":{"start":{"line":6,"column":2},"end":{"line":8,"column":3}},"3":{"start":{"line":6,"column":15},"end":{"line":6,"column":16}},"4":{"start":{"line":7,"column":4},"end":{"line":7,"column":73}},"5":{"start":{"line":9,"column":2},"end":{"line":9,"column":14}},"6":{"start":{"line":14,"column":2},"end":{"line":17,"column":24}},"7":{"start":{"line":21,"column":18},"end":{"line":21,"column":35}},"8":{"start":{"line":22,"column":15},"end":{"line":22,"column":36}},"9":{"start":{"line":23,"column":21},"end":{"line":23,"column":64}},"10":{"start":{"line":24,"column":2},"end":{"line":24,"column":20}},"11":{"start":{"line":29,"column":23},"end":{"line":29,"column":60}},"12":{"start":{"line":31,"column":2},"end":{"line":33,"column":3}},"13":{"start":{"line":32,"column":4},"end":{"line":32,"column":69}},"14":{"start":{"line":35,"column":17},"end":{"line":35,"column":38}},"15":{"start":{"line":36,"column":2},"end":{"line":36,"column":39}},"16":{"start":{"line":37,"column":2},"end":{"line":37,"column":52}},"17":{"start":{"line":38,"column":2},"end":{"line":38,"column":30}},"18":{"start":{"line":39,"column":2},"end":{"line":39,"column":45}},"19":{"start":{"line":40,"column":2},"end":{"line":40,"column":47}},"20":{"start":{"line":42,"column":19},"end":{"line":46,"column":4}},"21":{"start":{"line":48,"column":2},"end":{"line":52,"column":3}},"22":{"start":{"line":49,"column":22},"end":{"line":49,"column":43}},"23":{"start":{"line":50,"column":4},"end":{"line":50,"column":53}},"24":{"start":{"line":51,"column":4},"end":{"line":51,"column":44}},"25":{"start":{"line":54,"column":15},"end":{"line":54,"column":36}},"26":{"start":{"line":55,"column":2},"end":{"line":55,"column":14}}},"fnMap":{"0":{"name":"generateRandomString","decl":{"start":{"line":2,"column":16},"end":{"line":2,"column":36}},"loc":{"start":{"line":2,"column":45},"end":{"line":10,"column":1}},"line":2},"1":{"name":"base64UrlEncode","decl":{"start":{"line":13,"column":16},"end":{"line":13,"column":31}},"loc":{"start":{"line":13,"column":40},"end":{"line":18,"column":1}},"line":13},"2":{"name":"sha256","decl":{"start":{"line":20,"column":22},"end":{"line":20,"column":28}},"loc":{"start":{"line":20,"column":36},"end":{"line":25,"column":1}},"line":20},"3":{"name":"getTokenFromCode","decl":{"start":{"line":28,"column":22},"end":{"line":28,"column":38}},"loc":{"start":{"line":28,"column":68},"end":{"line":56,"column":1}},"line":28}},"branchMap":{"0":{"loc":{"start":{"line":31,"column":2},"end":{"line":33,"column":3}},"type":"if","locations":[{"start":{"line":31,"column":2},"end":{"line":33,"column":3}},{"start":{},"end":{}}],"line":31},"1":{"loc":{"start":{"line":48,"column":2},"end":{"line":52,"column":3}},"type":"if","locations":[{"start":{"line":48,"column":2},"end":{"line":52,"column":3}},{"start":{},"end":{}}],"line":48}},"s":{"0":3,"1":3,"2":3,"3":3,"4":48,"5":3,"6":1,"7":0,"8":0,"9":0,"10":0,"11":2,"12":2,"13":1,"14":1,"15":1,"16":1,"17":1,"18":1,"19":1,"20":1,"21":1,"22":0,"23":0,"24":0,"25":1,"26":1},"f":{"0":3,"1":1,"2":0,"3":2},"b":{"0":[1,1],"1":[0,1]},"_coverageSchema":"1a1c01bbd47fc00a2c39e90264f33305004495a9","hash":"f3557566d09f7ebc2308d80f42ca5c45e855776d"}
}
