TN:
SF:src/components/Home.jsx
FN:11,Home
FN:36,(anonymous_1)
FN:43,(anonymous_2)
FN:44,(anonymous_3)
FN:57,(anonymous_4)
FN:59,(anonymous_5)
FN:62,(anonymous_6)
FN:73,(anonymous_7)
FN:80,(anonymous_8)
FN:85,(anonymous_9)
FN:94,(anonymous_10)
FN:109,(anonymous_11)
FN:109,(anonymous_12)
FNF:13
FNH:4
FNDA:3,Home
FNDA:2,(anonymous_1)
FNDA:2,(anonymous_2)
FNDA:2,(anonymous_3)
FNDA:0,(anonymous_4)
FNDA:0,(anonymous_5)
FNDA:0,(anonymous_6)
FNDA:0,(anonymous_7)
FNDA:0,(anonymous_8)
FNDA:0,(anonymous_9)
FNDA:0,(anonymous_10)
FNDA:0,(anonymous_11)
FNDA:0,(anonymous_12)
DA:22,3
DA:24,3
DA:25,3
DA:26,3
DA:27,3
DA:28,3
DA:29,3
DA:31,3
DA:36,3
DA:37,2
DA:38,2
DA:39,0
DA:43,3
DA:44,2
DA:45,2
DA:46,2
DA:47,2
DA:49,0
DA:50,0
DA:54,2
DA:57,3
DA:58,0
DA:59,0
DA:62,3
DA:63,0
DA:64,0
DA:65,0
DA:67,0
DA:68,0
DA:73,3
DA:74,0
DA:75,0
DA:76,0
DA:80,3
DA:81,0
DA:82,0
DA:83,0
DA:85,0
DA:86,0
DA:87,0
DA:88,0
DA:90,0
DA:94,3
DA:95,0
DA:96,0
DA:97,0
DA:100,3
DA:109,0
LF:48
LH:23
BRDA:38,0,0,0
BRDA:38,0,1,2
BRDA:57,1,0,0
BRDA:100,2,0,2
BRDA:100,2,1,1
BRF:5
BRH:3
end_of_record
TN:
SF:src/components/LoadingScreen.jsx
FN:3,LoadingScreen
FNF:1
FNH:1
FNDA:3,LoadingScreen
DA:4,3
LF:1
LH:1
BRF:0
BRH:0
end_of_record
TN:
SF:src/components/Login.jsx
FN:5,Login
FN:6,(anonymous_1)
FNF:2
FNH:2
FNDA:3,Login
FNDA:3,(anonymous_1)
DA:6,3
DA:7,3
DA:8,3
DA:9,1
DA:10,1
DA:14,3
LF:6
LH:6
BRDA:8,0,0,1
BRDA:8,0,1,2
BRF:2
BRH:2
end_of_record
TN:
SF:src/components/NewPlaylist.jsx
FN:5,NewPlaylist
FN:41,(anonymous_1)
FN:47,(anonymous_2)
FNF:3
FNH:3
FNDA:6,NewPlaylist
FNDA:1,(anonymous_1)
FNDA:12,(anonymous_2)
DA:16,6
DA:41,1
DA:48,12
LF:3
LH:3
BRDA:66,0,0,6
BRDA:66,0,1,1
BRF:2
BRH:2
end_of_record
TN:
SF:src/components/NewPlaylistTrack.jsx
FN:4,NewPlaylistTrack
FN:14,(anonymous_1)
FNF:2
FNH:2
FNDA:2,NewPlaylistTrack
FNDA:1,(anonymous_1)
DA:5,2
DA:15,1
LF:2
LH:2
BRF:0
BRH:0
end_of_record
TN:
SF:src/components/RippleButton.jsx
FN:4,RippleButton
FN:7,(anonymous_1)
FN:12,(anonymous_2)
FN:14,(anonymous_3)
FN:14,(anonymous_4)
FN:14,(anonymous_5)
FN:23,(anonymous_6)
FNF:7
FNH:4
FNDA:10,RippleButton
FNDA:4,(anonymous_1)
FNDA:4,(anonymous_2)
FNDA:0,(anonymous_3)
FNDA:0,(anonymous_4)
FNDA:0,(anonymous_5)
FNDA:9,(anonymous_6)
DA:5,10
DA:7,10
DA:8,4
DA:9,4
DA:10,4
DA:11,4
DA:12,4
DA:13,4
DA:14,0
DA:17,4
DA:20,10
DA:24,9
LF:12
LH:11
BRF:0
BRH:0
end_of_record
TN:
SF:src/components/SavePlaylistButton.jsx
FN:7,SavePlaylistButton
FN:17,(anonymous_1)
FNF:2
FNH:2
FNDA:9,SavePlaylistButton
FNDA:4,(anonymous_1)
DA:15,9
DA:17,9
DA:18,4
DA:19,3
DA:20,3
DA:21,3
DA:29,2
DA:31,1
DA:32,1
DA:34,3
DA:38,9
LF:11
LH:11
BRDA:18,0,0,1
BRDA:18,0,1,3
BRDA:31,1,0,1
BRDA:31,1,1,0
BRDA:40,2,0,9
BRDA:40,2,1,3
BRF:6
BRH:5
end_of_record
TN:
SF:src/components/SearchBar.jsx
FN:3,SearchBar
FN:8,(anonymous_1)
FN:30,(anonymous_2)
FNF:3
FNH:3
FNDA:8,SearchBar
FNDA:5,(anonymous_1)
FNDA:1,(anonymous_2)
DA:4,8
DA:5,8
DA:6,8
DA:8,8
DA:9,5
DA:11,5
DA:13,3
DA:14,3
DA:15,3
DA:19,2
DA:20,1
DA:21,1
DA:25,1
DA:26,1
DA:27,1
DA:30,8
DA:31,1
DA:34,8
LF:18
LH:18
BRDA:11,0,0,3
BRDA:11,0,1,2
BRDA:19,1,0,1
BRDA:19,1,1,1
BRDA:19,2,0,2
BRDA:19,2,1,2
BRDA:36,3,0,5
BRDA:36,3,1,3
BRDA:44,4,0,8
BRDA:44,4,1,5
BRF:10
BRH:10
end_of_record
TN:
SF:src/components/SearchResults.jsx
FN:4,SearchResults
FN:8,(anonymous_1)
FNF:2
FNH:2
FNDA:2,SearchResults
FNDA:4,(anonymous_1)
DA:5,2
DA:9,4
LF:2
LH:2
BRF:0
BRH:0
end_of_record
TN:
SF:src/components/SearchResultsTrack.jsx
FN:5,SearchResultsTrack
FN:6,(anonymous_1)
FNF:2
FNH:2
FNDA:4,SearchResultsTrack
FNDA:1,(anonymous_1)
DA:6,4
DA:7,1
DA:10,4
LF:3
LH:3
BRDA:19,0,0,3
BRDA:19,0,1,1
BRDA:27,1,0,1
BRDA:27,1,1,0
BRF:4
BRH:3
end_of_record
TN:
SF:src/components/UserPlaylistModal.jsx
FN:8,UserPlaylistModal
FN:20,(anonymous_1)
FN:21,(anonymous_2)
FN:37,(anonymous_3)
FN:60,(anonymous_4)
FN:65,(anonymous_5)
FN:81,(anonymous_6)
FN:85,(anonymous_7)
FNF:8
FNH:6
FNDA:5,UserPlaylistModal
FNDA:3,(anonymous_1)
FNDA:3,(anonymous_2)
FNDA:0,(anonymous_3)
FNDA:1,(anonymous_4)
FNDA:1,(anonymous_5)
FNDA:4,(anonymous_6)
FNDA:0,(anonymous_7)
DA:15,5
DA:16,5
DA:17,5
DA:18,5
DA:20,5
DA:21,3
DA:22,3
DA:23,3
DA:24,2
DA:25,2
DA:27,1
DA:28,1
DA:30,0
DA:31,0
DA:34,3
DA:37,5
DA:38,0
DA:39,0
DA:40,0
DA:41,0
DA:42,0
DA:44,0
DA:45,0
DA:49,5
DA:51,5
DA:60,1
DA:66,1
DA:67,1
DA:82,4
DA:85,0
LF:30
LH:20
BRDA:18,0,0,5
BRDA:18,0,1,1
BRDA:23,1,0,2
BRDA:23,1,1,1
BRDA:23,2,0,3
BRDA:23,2,1,2
BRDA:49,3,0,0
BRDA:49,3,1,5
BRDA:77,4,0,3
BRDA:77,4,1,2
BRF:10
BRH:9
end_of_record
TN:
SF:src/components/UserPlaylistTrackItem.jsx
FN:5,UserPlaylistTrackItem
FNF:1
FNH:1
FNDA:5,UserPlaylistTrackItem
DA:6,5
LF:1
LH:1
BRF:0
BRH:0
end_of_record
TN:
SF:src/components/UserPlaylists.jsx
FN:4,UserPlaylists
FN:14,(anonymous_1)
FN:38,(anonymous_2)
FN:41,(anonymous_3)
FN:59,(anonymous_4)
FNF:5
FNH:4
FNDA:2,UserPlaylists
FNDA:1,(anonymous_1)
FNDA:4,(anonymous_2)
FNDA:1,(anonymous_3)
FNDA:0,(anonymous_4)
DA:11,2
DA:12,2
DA:14,2
DA:15,1
DA:16,1
DA:18,2
DA:20,2
DA:28,2
DA:39,4
DA:41,1
DA:59,0
LF:11
LH:10
BRDA:20,0,0,1
BRDA:20,0,1,1
BRDA:34,1,0,0
BRDA:34,1,1,2
BRDA:44,2,0,0
BRDA:44,2,1,4
BRDA:44,3,0,4
BRDA:44,3,1,0
BRDA:44,3,2,0
BRDA:54,4,0,2
BRDA:54,4,1,1
BRDA:54,4,2,1
BRF:12
BRH:8
end_of_record
TN:
SF:src/hooks/usePlaylistManager.js
FN:5,usePlaylistManager
FN:17,(anonymous_1)
FN:18,(anonymous_2)
FN:19,(anonymous_3)
FN:27,(anonymous_4)
FN:28,(anonymous_5)
FN:28,(anonymous_6)
FN:32,(anonymous_7)
FNF:8
FNH:8
FNDA:14,usePlaylistManager
FNDA:6,(anonymous_1)
FNDA:6,(anonymous_2)
FNDA:2,(anonymous_3)
FNDA:1,(anonymous_4)
FNDA:1,(anonymous_5)
FNDA:2,(anonymous_6)
FNDA:1,(anonymous_7)
DA:6,14
DA:7,14
DA:8,14
DA:17,14
DA:18,6
DA:19,6
DA:20,5
DA:22,1
DA:27,14
DA:28,2
DA:32,14
DA:33,1
DA:34,1
DA:35,1
DA:38,14
LF:15
LH:15
BRDA:19,0,0,5
BRDA:19,0,1,1
BRF:2
BRH:2
end_of_record
TN:
SF:src/utils/Spotify.js
FN:31,(anonymous_0)
FN:39,(anonymous_1)
FN:43,(anonymous_2)
FN:58,(anonymous_3)
FN:77,(anonymous_4)
FN:124,(anonymous_5)
FN:147,(anonymous_6)
FN:161,(anonymous_7)
FN:177,(anonymous_8)
FN:208,(anonymous_9)
FN:268,(anonymous_10)
FN:286,(anonymous_11)
FN:302,(anonymous_12)
FN:315,(anonymous_13)
FN:336,(anonymous_14)
FNF:15
FNH:11
FNDA:2,(anonymous_0)
FNDA:2,(anonymous_1)
FNDA:1,(anonymous_2)
FNDA:0,(anonymous_3)
FNDA:1,(anonymous_4)
FNDA:1,(anonymous_5)
FNDA:1,(anonymous_6)
FNDA:1,(anonymous_7)
FNDA:0,(anonymous_8)
FNDA:0,(anonymous_9)
FNDA:1,(anonymous_10)
FNDA:2,(anonymous_11)
FNDA:1,(anonymous_12)
FNDA:0,(anonymous_13)
FNDA:1,(anonymous_14)
DA:14,2
DA:16,2
DA:21,2
DA:26,2
DA:32,2
DA:40,2
DA:44,1
DA:45,1
DA:46,0
DA:50,1
DA:51,1
DA:59,0
DA:60,0
DA:62,0
DA:63,0
DA:65,0
DA:71,0
DA:78,1
DA:79,1
DA:80,1
DA:81,0
DA:84,1
DA:90,1
DA:98,1
DA:100,1
DA:101,1
DA:106,1
DA:108,0
DA:109,0
DA:110,0
DA:111,0
DA:115,0
DA:116,0
DA:125,1
DA:126,1
DA:127,1
DA:129,1
DA:130,1
DA:133,0
DA:135,0
DA:138,0
DA:148,1
DA:150,1
DA:154,1
DA:158,1
DA:159,1
DA:161,1
DA:178,0
DA:179,0
DA:181,0
DA:185,0
DA:186,0
DA:189,0
DA:190,0
DA:192,0
DA:194,0
DA:195,0
DA:209,0
DA:211,0
DA:212,0
DA:213,0
DA:216,0
DA:217,0
DA:218,0
DA:224,0
DA:233,0
DA:237,0
DA:238,0
DA:247,0
DA:249,0
DA:258,0
DA:269,1
DA:270,1
DA:271,1
DA:273,1
DA:281,1
DA:282,0
DA:285,1
DA:286,2
DA:291,0
DA:293,0
DA:303,1
DA:304,1
DA:305,0
DA:307,0
DA:311,0
DA:312,0
DA:314,0
DA:315,0
DA:325,1
DA:326,1
DA:337,1
DA:338,1
DA:340,1
DA:354,1
DA:355,0
DA:358,0
LF:97
LH:45
BRDA:21,0,0,2
BRDA:21,0,1,0
BRDA:21,1,0,2
BRDA:21,1,1,0
BRDA:45,2,0,0
BRDA:45,2,1,1
BRDA:80,3,0,0
BRDA:80,3,1,1
BRDA:100,4,0,1
BRDA:100,4,1,0
BRDA:129,5,0,1
BRDA:129,5,1,0
BRDA:133,6,0,0
BRDA:133,6,1,0
BRDA:133,7,0,0
BRDA:133,7,1,0
BRDA:159,8,0,0
BRDA:159,8,1,1
BRDA:185,9,0,0
BRDA:185,9,1,0
BRDA:209,10,0,0
BRDA:209,10,1,0
BRDA:209,11,0,0
BRDA:209,11,1,0
BRDA:216,12,0,0
BRDA:216,12,1,0
BRDA:281,13,0,0
BRDA:281,13,1,1
BRDA:311,14,0,0
BRDA:311,14,1,0
BRDA:354,15,0,0
BRDA:354,15,1,1
BRF:32
BRH:9
end_of_record
TN:
SF:src/utils/spotifyAuth.js
FN:2,generateRandomString
FN:13,base64UrlEncode
FN:20,sha256
FN:28,getTokenFromCode
FNF:4
FNH:3
FNDA:3,generateRandomString
FNDA:1,base64UrlEncode
FNDA:0,sha256
FNDA:2,getTokenFromCode
DA:4,3
DA:5,3
DA:6,3
DA:7,48
DA:9,3
DA:14,1
DA:21,0
DA:22,0
DA:23,0
DA:24,0
DA:29,2
DA:31,2
DA:32,1
DA:35,1
DA:36,1
DA:37,1
DA:38,1
DA:39,1
DA:40,1
DA:42,1
DA:48,1
DA:49,0
DA:50,0
DA:51,0
DA:54,1
DA:55,1
LF:26
LH:19
BRDA:31,0,0,1
BRDA:31,0,1,1
BRDA:48,1,0,0
BRDA:48,1,1,1
BRF:4
BRH:3
end_of_record
